{"uid":"ad0a56d77d9766c8","name":"test_lcd_buyback","fullName":"tests.test_ui.test_login#test_lcd_buyback","historyId":"74fe5066b47cb63deb3a5f1458b9a78b","time":{"start":1742892346600,"stop":1742892366919,"duration":20319},"status":"broken","statusMessage":"selenium.common.exceptions.NoSuchElementException: Message: no such element: Unable to locate element: {\"method\":\"css selector\",\"selector\":\"[name=\"useremail\"]\"}\n  (Session info: chrome=134.0.6998.118); For documentation on this error, please visit: https://www.selenium.dev/documentation/webdriver/troubleshooting/errors#no-such-element-exception\nStacktrace:\n\tGetHandleVerifier [0x00007FF648C24C25+3179557]\n\t(No symbol) [0x00007FF6488888A0]\n\t(No symbol) [0x00007FF6487191CA]\n\t(No symbol) [0x00007FF64876FA67]\n\t(No symbol) [0x00007FF64876FC9C]\n\t(No symbol) [0x00007FF6487C3627]\n\t(No symbol) [0x00007FF648797C6F]\n\t(No symbol) [0x00007FF6487C02F3]\n\t(No symbol) [0x00007FF648797A03]\n\t(No symbol) [0x00007FF6487606D0]\n\t(No symbol) [0x00007FF648761983]\n\tGetHandleVerifier [0x00007FF648C867CD+3579853]\n\tGetHandleVerifier [0x00007FF648C9D1D2+3672530]\n\tGetHandleVerifier [0x00007FF648C92153+3627347]\n\tGetHandleVerifier [0x00007FF6489F092A+868650]\n\t(No symbol) [0x00007FF648892FFF]\n\t(No symbol) [0x00007FF64888F4A4]\n\t(No symbol) [0x00007FF64888F646]\n\t(No symbol) [0x00007FF64887EAA9]\n\tBaseThreadInitThunk [0x00007FFAF8BB259D+29]\n\tRtlUserThreadStart [0x00007FFAF9DCAF38+40]","statusTrace":"setup_browser = <selenium.webdriver.chrome.webdriver.WebDriver (session=\"bfd796638e988aab4b247d3cf200921a\")>\n\n    @pytest.mark.order(3)\n    @pytest.mark.ui\n    def test_lcd_buyback(setup_browser):\n        driver = setup_browser\n    \n        with step(\"Click On My Account\"):\n            account_button = WebDriverWait(driver, 20).until(\n                EC.element_to_be_clickable((By.XPATH, \"//li[@class='ms-account']/a\"))\n            )\n            try:\n                account_button.click()\n            except ElementClickInterceptedException:\n                driver.execute_script(\"arguments[0].click();\", account_button)\n    \n        with step(\"Enter Username and Password\"):\n>           driver.find_element(By.NAME, \"useremail\").send_keys(\"admin\")\n\ntests\\test_ui\\test_login.py:114: \n_ _ _ _ _ _ _ _ _ _ _ _ _ _ _ _ _ _ _ _ _ _ _ _ _ _ _ _ _ _ _ _ _ _ _ _ _ _ _ _ _ _ _ _ _ _ _ _ _ _ _ _ _ _ _ _ _ _ _ _ _ _ _ _ _ _ _ _ _ _ _ _ _ _ _ _ _ _ _ _ _ _ _ _ _ _ _ _ _ _\n.venv\\Lib\\site-packages\\selenium\\webdriver\\remote\\webdriver.py:898: in find_element\n    return self.execute(Command.FIND_ELEMENT, {\"using\": by, \"value\": value})[\"value\"]\n.venv\\Lib\\site-packages\\selenium\\webdriver\\remote\\webdriver.py:429: in execute\n    self.error_handler.check_response(response)\n_ _ _ _ _ _ _ _ _ _ _ _ _ _ _ _ _ _ _ _ _ _ _ _ _ _ _ _ _ _ _ _ _ _ _ _ _ _ _ _ _ _ _ _ _ _ _ _ _ _ _ _ _ _ _ _ _ _ _ _ _ _ _ _ _ _ _ _ _ _ _ _ _ _ _ _ _ _ _ _ _ _ _ _ _ _ _ _ _ _\n\nself = <selenium.webdriver.remote.errorhandler.ErrorHandler object at 0x000002A9E491A0F0>\nresponse = {'status': 404, 'value': '{\"value\":{\"error\":\"no such element\",\"message\":\"no such element: Unable to locate element: {\\...07FF64887EAA9]\\\\n\\\\tBaseThreadInitThunk [0x00007FFAF8BB259D+29]\\\\n\\\\tRtlUserThreadStart [0x00007FFAF9DCAF38+40]\\\\n\"}}'}\n\n    def check_response(self, response: Dict[str, Any]) -> None:\n        \"\"\"Checks that a JSON response from the WebDriver does not have an\n        error.\n    \n        :Args:\n         - response - The JSON response from the WebDriver server as a dictionary\n           object.\n    \n        :Raises: If the response contains an error message.\n        \"\"\"\n        status = response.get(\"status\", None)\n        if not status or status == ErrorCode.SUCCESS:\n            return\n        value = None\n        message = response.get(\"message\", \"\")\n        screen: str = response.get(\"screen\", \"\")\n        stacktrace = None\n        if isinstance(status, int):\n            value_json = response.get(\"value\", None)\n            if value_json and isinstance(value_json, str):\n                import json\n    \n                try:\n                    value = json.loads(value_json)\n                    if len(value) == 1:\n                        value = value[\"value\"]\n                    status = value.get(\"error\", None)\n                    if not status:\n                        status = value.get(\"status\", ErrorCode.UNKNOWN_ERROR)\n                        message = value.get(\"value\") or value.get(\"message\")\n                        if not isinstance(message, str):\n                            value = message\n                            message = message.get(\"message\")\n                    else:\n                        message = value.get(\"message\", None)\n                except ValueError:\n                    pass\n    \n        exception_class: Type[WebDriverException]\n        e = ErrorCode()\n        error_codes = [item for item in dir(e) if not item.startswith(\"__\")]\n        for error_code in error_codes:\n            error_info = getattr(ErrorCode, error_code)\n            if isinstance(error_info, list) and status in error_info:\n                exception_class = getattr(ExceptionMapping, error_code, WebDriverException)\n                break\n        else:\n            exception_class = WebDriverException\n    \n        if not value:\n            value = response[\"value\"]\n        if isinstance(value, str):\n            raise exception_class(value)\n        if message == \"\" and \"message\" in value:\n            message = value[\"message\"]\n    \n        screen = None  # type: ignore[assignment]\n        if \"screen\" in value:\n            screen = value[\"screen\"]\n    \n        stacktrace = None\n        st_value = value.get(\"stackTrace\") or value.get(\"stacktrace\")\n        if st_value:\n            if isinstance(st_value, str):\n                stacktrace = st_value.split(\"\\n\")\n            else:\n                stacktrace = []\n                try:\n                    for frame in st_value:\n                        line = frame.get(\"lineNumber\", \"\")\n                        file = frame.get(\"fileName\", \"<anonymous>\")\n                        if line:\n                            file = f\"{file}:{line}\"\n                        meth = frame.get(\"methodName\", \"<anonymous>\")\n                        if \"className\" in frame:\n                            meth = f\"{frame['className']}.{meth}\"\n                        msg = \"    at %s (%s)\"\n                        msg = msg % (meth, file)\n                        stacktrace.append(msg)\n                except TypeError:\n                    pass\n        if exception_class == UnexpectedAlertPresentException:\n            alert_text = None\n            if \"data\" in value:\n                alert_text = value[\"data\"].get(\"text\")\n            elif \"alert\" in value:\n                alert_text = value[\"alert\"].get(\"text\")\n            raise exception_class(message, screen, stacktrace, alert_text)  # type: ignore[call-arg]  # mypy is not smart enough here\n>       raise exception_class(message, screen, stacktrace)\nE       selenium.common.exceptions.NoSuchElementException: Message: no such element: Unable to locate element: {\"method\":\"css selector\",\"selector\":\"[name=\"useremail\"]\"}\nE         (Session info: chrome=134.0.6998.118); For documentation on this error, please visit: https://www.selenium.dev/documentation/webdriver/troubleshooting/errors#no-such-element-exception\nE       Stacktrace:\nE       \tGetHandleVerifier [0x00007FF648C24C25+3179557]\nE       \t(No symbol) [0x00007FF6488888A0]\nE       \t(No symbol) [0x00007FF6487191CA]\nE       \t(No symbol) [0x00007FF64876FA67]\nE       \t(No symbol) [0x00007FF64876FC9C]\nE       \t(No symbol) [0x00007FF6487C3627]\nE       \t(No symbol) [0x00007FF648797C6F]\nE       \t(No symbol) [0x00007FF6487C02F3]\nE       \t(No symbol) [0x00007FF648797A03]\nE       \t(No symbol) [0x00007FF6487606D0]\nE       \t(No symbol) [0x00007FF648761983]\nE       \tGetHandleVerifier [0x00007FF648C867CD+3579853]\nE       \tGetHandleVerifier [0x00007FF648C9D1D2+3672530]\nE       \tGetHandleVerifier [0x00007FF648C92153+3627347]\nE       \tGetHandleVerifier [0x00007FF6489F092A+868650]\nE       \t(No symbol) [0x00007FF648892FFF]\nE       \t(No symbol) [0x00007FF64888F4A4]\nE       \t(No symbol) [0x00007FF64888F646]\nE       \t(No symbol) [0x00007FF64887EAA9]\nE       \tBaseThreadInitThunk [0x00007FFAF8BB259D+29]\nE       \tRtlUserThreadStart [0x00007FFAF9DCAF38+40]\n\n.venv\\Lib\\site-packages\\selenium\\webdriver\\remote\\errorhandler.py:232: NoSuchElementException","flaky":false,"newFailed":false,"newBroken":false,"newPassed":false,"retriesCount":0,"retriesStatusChange":false,"beforeStages":[{"name":"setup_browser","time":{"start":1742892318542,"stop":1742892324375,"duration":5833},"status":"passed","steps":[],"attachments":[],"parameters":[],"hasContent":false,"shouldDisplayMessage":false,"attachmentsCount":0,"stepsCount":0,"attachmentStep":false}],"testStage":{"status":"broken","statusMessage":"selenium.common.exceptions.NoSuchElementException: Message: no such element: Unable to locate element: {\"method\":\"css selector\",\"selector\":\"[name=\"useremail\"]\"}\n  (Session info: chrome=134.0.6998.118); For documentation on this error, please visit: https://www.selenium.dev/documentation/webdriver/troubleshooting/errors#no-such-element-exception\nStacktrace:\n\tGetHandleVerifier [0x00007FF648C24C25+3179557]\n\t(No symbol) [0x00007FF6488888A0]\n\t(No symbol) [0x00007FF6487191CA]\n\t(No symbol) [0x00007FF64876FA67]\n\t(No symbol) [0x00007FF64876FC9C]\n\t(No symbol) [0x00007FF6487C3627]\n\t(No symbol) [0x00007FF648797C6F]\n\t(No symbol) [0x00007FF6487C02F3]\n\t(No symbol) [0x00007FF648797A03]\n\t(No symbol) [0x00007FF6487606D0]\n\t(No symbol) [0x00007FF648761983]\n\tGetHandleVerifier [0x00007FF648C867CD+3579853]\n\tGetHandleVerifier [0x00007FF648C9D1D2+3672530]\n\tGetHandleVerifier [0x00007FF648C92153+3627347]\n\tGetHandleVerifier [0x00007FF6489F092A+868650]\n\t(No symbol) [0x00007FF648892FFF]\n\t(No symbol) [0x00007FF64888F4A4]\n\t(No symbol) [0x00007FF64888F646]\n\t(No symbol) [0x00007FF64887EAA9]\n\tBaseThreadInitThunk [0x00007FFAF8BB259D+29]\n\tRtlUserThreadStart [0x00007FFAF9DCAF38+40]","statusTrace":"setup_browser = <selenium.webdriver.chrome.webdriver.WebDriver (session=\"bfd796638e988aab4b247d3cf200921a\")>\n\n    @pytest.mark.order(3)\n    @pytest.mark.ui\n    def test_lcd_buyback(setup_browser):\n        driver = setup_browser\n    \n        with step(\"Click On My Account\"):\n            account_button = WebDriverWait(driver, 20).until(\n                EC.element_to_be_clickable((By.XPATH, \"//li[@class='ms-account']/a\"))\n            )\n            try:\n                account_button.click()\n            except ElementClickInterceptedException:\n                driver.execute_script(\"arguments[0].click();\", account_button)\n    \n        with step(\"Enter Username and Password\"):\n>           driver.find_element(By.NAME, \"useremail\").send_keys(\"admin\")\n\ntests\\test_ui\\test_login.py:114: \n_ _ _ _ _ _ _ _ _ _ _ _ _ _ _ _ _ _ _ _ _ _ _ _ _ _ _ _ _ _ _ _ _ _ _ _ _ _ _ _ _ _ _ _ _ _ _ _ _ _ _ _ _ _ _ _ _ _ _ _ _ _ _ _ _ _ _ _ _ _ _ _ _ _ _ _ _ _ _ _ _ _ _ _ _ _ _ _ _ _\n.venv\\Lib\\site-packages\\selenium\\webdriver\\remote\\webdriver.py:898: in find_element\n    return self.execute(Command.FIND_ELEMENT, {\"using\": by, \"value\": value})[\"value\"]\n.venv\\Lib\\site-packages\\selenium\\webdriver\\remote\\webdriver.py:429: in execute\n    self.error_handler.check_response(response)\n_ _ _ _ _ _ _ _ _ _ _ _ _ _ _ _ _ _ _ _ _ _ _ _ _ _ _ _ _ _ _ _ _ _ _ _ _ _ _ _ _ _ _ _ _ _ _ _ _ _ _ _ _ _ _ _ _ _ _ _ _ _ _ _ _ _ _ _ _ _ _ _ _ _ _ _ _ _ _ _ _ _ _ _ _ _ _ _ _ _\n\nself = <selenium.webdriver.remote.errorhandler.ErrorHandler object at 0x000002A9E491A0F0>\nresponse = {'status': 404, 'value': '{\"value\":{\"error\":\"no such element\",\"message\":\"no such element: Unable to locate element: {\\...07FF64887EAA9]\\\\n\\\\tBaseThreadInitThunk [0x00007FFAF8BB259D+29]\\\\n\\\\tRtlUserThreadStart [0x00007FFAF9DCAF38+40]\\\\n\"}}'}\n\n    def check_response(self, response: Dict[str, Any]) -> None:\n        \"\"\"Checks that a JSON response from the WebDriver does not have an\n        error.\n    \n        :Args:\n         - response - The JSON response from the WebDriver server as a dictionary\n           object.\n    \n        :Raises: If the response contains an error message.\n        \"\"\"\n        status = response.get(\"status\", None)\n        if not status or status == ErrorCode.SUCCESS:\n            return\n        value = None\n        message = response.get(\"message\", \"\")\n        screen: str = response.get(\"screen\", \"\")\n        stacktrace = None\n        if isinstance(status, int):\n            value_json = response.get(\"value\", None)\n            if value_json and isinstance(value_json, str):\n                import json\n    \n                try:\n                    value = json.loads(value_json)\n                    if len(value) == 1:\n                        value = value[\"value\"]\n                    status = value.get(\"error\", None)\n                    if not status:\n                        status = value.get(\"status\", ErrorCode.UNKNOWN_ERROR)\n                        message = value.get(\"value\") or value.get(\"message\")\n                        if not isinstance(message, str):\n                            value = message\n                            message = message.get(\"message\")\n                    else:\n                        message = value.get(\"message\", None)\n                except ValueError:\n                    pass\n    \n        exception_class: Type[WebDriverException]\n        e = ErrorCode()\n        error_codes = [item for item in dir(e) if not item.startswith(\"__\")]\n        for error_code in error_codes:\n            error_info = getattr(ErrorCode, error_code)\n            if isinstance(error_info, list) and status in error_info:\n                exception_class = getattr(ExceptionMapping, error_code, WebDriverException)\n                break\n        else:\n            exception_class = WebDriverException\n    \n        if not value:\n            value = response[\"value\"]\n        if isinstance(value, str):\n            raise exception_class(value)\n        if message == \"\" and \"message\" in value:\n            message = value[\"message\"]\n    \n        screen = None  # type: ignore[assignment]\n        if \"screen\" in value:\n            screen = value[\"screen\"]\n    \n        stacktrace = None\n        st_value = value.get(\"stackTrace\") or value.get(\"stacktrace\")\n        if st_value:\n            if isinstance(st_value, str):\n                stacktrace = st_value.split(\"\\n\")\n            else:\n                stacktrace = []\n                try:\n                    for frame in st_value:\n                        line = frame.get(\"lineNumber\", \"\")\n                        file = frame.get(\"fileName\", \"<anonymous>\")\n                        if line:\n                            file = f\"{file}:{line}\"\n                        meth = frame.get(\"methodName\", \"<anonymous>\")\n                        if \"className\" in frame:\n                            meth = f\"{frame['className']}.{meth}\"\n                        msg = \"    at %s (%s)\"\n                        msg = msg % (meth, file)\n                        stacktrace.append(msg)\n                except TypeError:\n                    pass\n        if exception_class == UnexpectedAlertPresentException:\n            alert_text = None\n            if \"data\" in value:\n                alert_text = value[\"data\"].get(\"text\")\n            elif \"alert\" in value:\n                alert_text = value[\"alert\"].get(\"text\")\n            raise exception_class(message, screen, stacktrace, alert_text)  # type: ignore[call-arg]  # mypy is not smart enough here\n>       raise exception_class(message, screen, stacktrace)\nE       selenium.common.exceptions.NoSuchElementException: Message: no such element: Unable to locate element: {\"method\":\"css selector\",\"selector\":\"[name=\"useremail\"]\"}\nE         (Session info: chrome=134.0.6998.118); For documentation on this error, please visit: https://www.selenium.dev/documentation/webdriver/troubleshooting/errors#no-such-element-exception\nE       Stacktrace:\nE       \tGetHandleVerifier [0x00007FF648C24C25+3179557]\nE       \t(No symbol) [0x00007FF6488888A0]\nE       \t(No symbol) [0x00007FF6487191CA]\nE       \t(No symbol) [0x00007FF64876FA67]\nE       \t(No symbol) [0x00007FF64876FC9C]\nE       \t(No symbol) [0x00007FF6487C3627]\nE       \t(No symbol) [0x00007FF648797C6F]\nE       \t(No symbol) [0x00007FF6487C02F3]\nE       \t(No symbol) [0x00007FF648797A03]\nE       \t(No symbol) [0x00007FF6487606D0]\nE       \t(No symbol) [0x00007FF648761983]\nE       \tGetHandleVerifier [0x00007FF648C867CD+3579853]\nE       \tGetHandleVerifier [0x00007FF648C9D1D2+3672530]\nE       \tGetHandleVerifier [0x00007FF648C92153+3627347]\nE       \tGetHandleVerifier [0x00007FF6489F092A+868650]\nE       \t(No symbol) [0x00007FF648892FFF]\nE       \t(No symbol) [0x00007FF64888F4A4]\nE       \t(No symbol) [0x00007FF64888F646]\nE       \t(No symbol) [0x00007FF64887EAA9]\nE       \tBaseThreadInitThunk [0x00007FFAF8BB259D+29]\nE       \tRtlUserThreadStart [0x00007FFAF9DCAF38+40]\n\n.venv\\Lib\\site-packages\\selenium\\webdriver\\remote\\errorhandler.py:232: NoSuchElementException","steps":[{"name":"Click On My Account","time":{"start":1742892346600,"stop":1742892346827,"duration":227},"status":"passed","steps":[],"attachments":[],"parameters":[],"hasContent":false,"shouldDisplayMessage":false,"attachmentsCount":0,"stepsCount":0,"attachmentStep":false},{"name":"Enter Username and Password","time":{"start":1742892346827,"stop":1742892366877,"duration":20050},"status":"broken","statusMessage":"selenium.common.exceptions.NoSuchElementException: Message: no such element: Unable to locate element: {\"method\":\"css selector\",\"selector\":\"[name=\"useremail\"]\"}\n  (Session info: chrome=134.0.6998.118); For documentation on this error, please visit: https://www.selenium.dev/documentation/webdriver/troubleshooting/errors#no-such-element-exception\nStacktrace:\n\tGetHandleVerifier [0x00007FF648C24C25+3179557]\n\t(No symbol) [0x00007FF6488888A0]\n\t(No symbol) [0x00007FF6487191CA]\n\t(No symbol) [0x00007FF64876FA67]\n\t(No symbol) [0x00007FF64876FC9C]\n\t(No symbol) [0x00007FF6487C3627]\n\t(No symbol) [0x00007FF648797C6F]\n\t(No symbol) [0x00007FF6487C02F3]\n\t(No symbol) [0x00007FF648797A03]\n\t(No symbol) [0x00007FF6487606D0]\n\t(No symbol) [0x00007FF648761983]\n\tGetHandleVerifier [0x00007FF648C867CD+3579853]\n\tGetHandleVerifier [0x00007FF648C9D1D2+3672530]\n\tGetHandleVerifier [0x00007FF648C92153+3627347]\n\tGetHandleVerifier [0x00007FF6489F092A+868650]\n\t(No symbol) [0x00007FF648892FFF]\n\t(No symbol) [0x00007FF64888F4A4]\n\t(No symbol) [0x00007FF64888F646]\n\t(No symbol) [0x00007FF64887EAA9]\n\tBaseThreadInitThunk [0x00007FFAF8BB259D+29]\n\tRtlUserThreadStart [0x00007FFAF9DCAF38+40]\n\n","statusTrace":"  File \"C:\\Users\\dell\\PycharmProjects\\Framework_Setup_1\\tests\\test_ui\\test_login.py\", line 114, in test_lcd_buyback\n    driver.find_element(By.NAME, \"useremail\").send_keys(\"admin\")\n    ^^^^^^^^^^^^^^^^^^^^^^^^^^^^^^^^^^^^^^^^^\n  File \"C:\\Users\\dell\\PycharmProjects\\Framework_Setup_1\\.venv\\Lib\\site-packages\\selenium\\webdriver\\remote\\webdriver.py\", line 898, in find_element\n    return self.execute(Command.FIND_ELEMENT, {\"using\": by, \"value\": value})[\"value\"]\n           ^^^^^^^^^^^^^^^^^^^^^^^^^^^^^^^^^^^^^^^^^^^^^^^^^^^^^^^^^^^^^^^^^\n  File \"C:\\Users\\dell\\PycharmProjects\\Framework_Setup_1\\.venv\\Lib\\site-packages\\selenium\\webdriver\\remote\\webdriver.py\", line 429, in execute\n    self.error_handler.check_response(response)\n  File \"C:\\Users\\dell\\PycharmProjects\\Framework_Setup_1\\.venv\\Lib\\site-packages\\selenium\\webdriver\\remote\\errorhandler.py\", line 232, in check_response\n    raise exception_class(message, screen, stacktrace)\n","steps":[],"attachments":[],"parameters":[],"hasContent":true,"shouldDisplayMessage":true,"attachmentsCount":0,"stepsCount":0,"attachmentStep":false}],"attachments":[],"parameters":[],"hasContent":true,"shouldDisplayMessage":true,"attachmentsCount":0,"stepsCount":2,"attachmentStep":false},"afterStages":[{"name":"setup_browser::0","time":{"start":1742892367153,"stop":1742892369385,"duration":2232},"status":"passed","steps":[],"attachments":[],"parameters":[],"hasContent":false,"shouldDisplayMessage":false,"attachmentsCount":0,"stepsCount":0,"attachmentStep":false}],"labels":[{"name":"tag","value":"ui"},{"name":"tag","value":"order(3)"},{"name":"parentSuite","value":"tests.test_ui"},{"name":"suite","value":"test_login"},{"name":"host","value":"Ankit"},{"name":"thread","value":"9228-MainThread"},{"name":"framework","value":"pytest"},{"name":"language","value":"cpython3"},{"name":"package","value":"tests.test_ui.test_login"},{"name":"resultFormat","value":"allure2"}],"parameters":[],"links":[],"hidden":false,"retry":false,"extra":{"severity":"normal","retries":[],"categories":[{"name":"Test defects","matchedStatuses":[],"flaky":false}],"tags":["order(3)","ui"]},"source":"ad0a56d77d9766c8.json","parameterValues":[]}